0 info it worked if it ends with ok
1 verbose cli [ 'C:\\Program Files\\nodejs\\node.exe',
1 verbose cli   'C:\\Program Files\\nodejs\\node_modules\\npm\\bin\\npm-cli.js',
1 verbose cli   'run',
1 verbose cli   'dev_win' ]
2 info using npm@3.10.8
3 info using node@v6.9.1
4 verbose run-script [ 'predev_win', 'dev_win', 'postdev_win' ]
5 info lifecycle mmall-fe@1.0.0~predev_win: mmall-fe@1.0.0
6 silly lifecycle mmall-fe@1.0.0~predev_win: no script for predev_win, continuing
7 info lifecycle mmall-fe@1.0.0~dev_win: mmall-fe@1.0.0
8 verbose lifecycle mmall-fe@1.0.0~dev_win: unsafe-perm in lifecycle true
9 verbose lifecycle mmall-fe@1.0.0~dev_win: PATH: C:\Program Files\nodejs\node_modules\npm\bin\node-gyp-bin;E:\cMukewang\mmall-fe\node_modules\.bin;d:\programs;c:\gtk\bin;C:\Program Files\Java\jdk1.8.0_131\bin;C:\Windows\system32;C:\Windows;C:\Windows\System32\Wbem;C:\Windows\System32\WindowsPowerShell\v1.0\;C:\Program Files (x86)\NVIDIA Corporation\PhysX\Common;C:\WINDOWS\system32;C:\WINDOWS;C:\WINDOWS\System32\Wbem;C:\WINDOWS\System32\WindowsPowerShell\v1.0\;C:\Program Files\Redis\;C:\Program Files\nodejs\;C:\Program Files\Git\cmd;C:\Program Files (x86)\Ｍaven\apache-maven-3.3.9\bin;C:\Program Files (x86)\mysql\mysql-5.6.24-winx64\bin;C:\Python27;C:\C:\Program Files (x86)\Ｍaven\apache-maven-3.3.9\bin;C:\Users\Branch\AppData\Local\Microsoft\WindowsApps;C:\Program Files (x86)\Microsoft VS Code\bin;C:\Users\Branch\AppData\Roaming\npm;C:\Program Files (x86)\SSH Communications Security\SSH Secure Shell;C:\WINDOWS\system32;C:\WINDOWS;C:\WINDOWS\System32\Wbem;C:\WINDOWS\System32\WindowsPowerShell\v1.0\;C:\Python27\Scripts;C:\Users\Branch\AppData\Local\Microsoft\WindowsApps;C:\Program Files (x86)\Microsoft VS Code\bin;C:\Users\Branch\AppData\Roaming\npm;C:\Program Files (x86)\SSH Communications Security\SSH Secure Shell;
10 verbose lifecycle mmall-fe@1.0.0~dev_win: CWD: E:\cMukewang\mmall-fe
11 silly lifecycle mmall-fe@1.0.0~dev_win: Args: [ '/d /s /c',
11 silly lifecycle   'set WEBPACK_ENV=dev && webpack-dev-server --inline --port 8088' ]
12 verbose stack Error: kill ENOSYS
12 verbose stack     at exports._errnoException (util.js:1026:11)
12 verbose stack     at process.kill (internal/process.js:172:13)
12 verbose stack     at process.listener (C:\Program Files\nodejs\node_modules\npm\node_modules\npmlog\node_modules\gauge\node_modules\signal-exit\index.js:86:15)
12 verbose stack     at emitNone (events.js:91:20)
12 verbose stack     at process.emit (events.js:185:7)
12 verbose stack     at processEmit (C:\Program Files\nodejs\node_modules\npm\node_modules\npmlog\node_modules\gauge\node_modules\signal-exit\index.js:146:32)
12 verbose stack     at processEmit (C:\Program Files\nodejs\node_modules\npm\node_modules\npm-registry-client\node_modules\npmlog\node_modules\gauge\node_modules\signal-exit\index.js:146:32)
12 verbose stack     at Signal.wrap.onsignal (internal/process.js:199:44)
13 verbose cwd E:\cMukewang\mmall-fe
14 error Windows_NT 10.0.15063
15 error argv "C:\\Program Files\\nodejs\\node.exe" "C:\\Program Files\\nodejs\\node_modules\\npm\\bin\\npm-cli.js" "run" "dev_win"
16 error node v6.9.1
17 error npm  v3.10.8
18 error code ENOSYS
19 error errno ENOSYS
20 error syscall kill
21 error kill ENOSYS
22 error If you need help, you may report this error at:
22 error     <https://github.com/npm/npm/issues>
23 verbose exit [ 1, true ]
